#
# A fatal error has been detected by the Java Runtime Environment:
#
#  EXCEPTION_ACCESS_VIOLATION (0xc0000005) at pc=0x000000005637c9d3, pid=9048, tid=0x0000000000002b6c
#
# JRE version: Java(TM) SE Runtime Environment (8.0_162-b12) (build 1.8.0_162-b12)
# Java VM: Java HotSpot(TM) 64-Bit Server VM (25.162-b12 mixed mode windows-amd64 compressed oops)
# Problematic frame:
# C  [glass.dll+0x1c9d3]
#
# Failed to write core dump. Minidumps are not enabled by default on client versions of Windows
#
# If you would like to submit a bug report, please visit:
#   http://bugreport.java.com/bugreport/crash.jsp
# The crash happened outside the Java Virtual Machine in native code.
# See problematic frame for where to report the bug.
#

---------------  T H R E A D  ---------------

Current thread (0x000000002104d800):  JavaThread "JavaFX Application Thread" [_thread_in_native, id=11116, stack(0x0000000021de0000,0x0000000021ee0000)]

siginfo: ExceptionCode=0xc0000005, reading address 0x000000002871c1b8

Registers:
RAX=0x0000000000000001, RBX=0x000000002871c1b0, RCX=0xeb6c36d01c460000, RDX=0x0000000000000000
RSP=0x0000000021edec70, RBP=0x0000000021edecc9, RSI=0x0000000000000205, RDI=0x000000002871c1b0
R8 =0x0000000000000006, R9 =0x0000000021045230, R10=0x000000001dcb4a28, R11=0x0000000021edeae0
R12=0x00000000000c06b8, R13=0x0000000000000205, R14=0x0000000000000000, R15=0x0000000000820039
RIP=0x000000005637c9d3, EFLAGS=0x0000000000010246

Top of Stack: (sp=0x0000000021edec70)
0x0000000021edec70:   0000000000000402 00007ffb768eefb1
0x0000000021edec80:   0000000000000000 00007ffb72f8cb1b
0x0000000021edec90:   0000000000820039 0000000000000001
0x0000000021edeca0:   0000000000000000 0000000021edecb0
0x0000000021edecb0:   0000000000180016 0000000000000000
0x0000000021edecc0:   0000000000000000 00007ffb73a4e074
0x0000000021edecd0:   0000c3a03e0b06e3 0000eb6c173df036
0x0000000021edece0:   00000000563885c0 0000000000000205
0x0000000021edecf0:   00000000000c06b8 000000002871c1b0
0x0000000021eded00:   0000000000000000 0000000000820039
0x0000000021eded10:   00000000000c06b8 0000000000000205
0x0000000021eded20:   0000000000000000 0000000056361848
0x0000000021eded30:   0000000000000000 0000000000000205
0x0000000021eded40:   0000000000000001 000000005637aab0
0x0000000021eded50:   0000000000000000 00007ffb740ab85d
0x0000000021eded60:   0000000000000001 0000000021edf020 

Instructions: (pc=0x000000005637c9d3)
0x000000005637c9b3:   89 7c 24 20 44 8b c6 e8 61 40 00 00 85 c0 0f 84
0x000000005637c9c3:   d8 fb ff ff 81 fe 05 02 00 00 0f 85 d3 01 00 00
0x000000005637c9d3:   48 8b 5f 08 ff 15 7b 1b 02 00 8b c0 4c 8b cb 48
0x000000005637c9e3:   8d 4f 28 48 89 44 24 20 41 b8 7b 00 00 00 48 8b 


Register to memory mapping:

RAX=0x0000000000000001 is an unknown value
RBX=0x000000002871c1b0 is an unknown value
RCX=0xeb6c36d01c460000 is an unknown value
RDX=0x0000000000000000 is an unknown value
RSP=0x0000000021edec70 is pointing into the stack for thread: 0x000000002104d800
RBP=0x0000000021edecc9 is pointing into the stack for thread: 0x000000002104d800
RSI=0x0000000000000205 is an unknown value
RDI=0x000000002871c1b0 is an unknown value
R8 =0x0000000000000006 is an unknown value
R9 =0x0000000021045230 is an unknown value
R10={method} {0x000000001dcb4a30} 'notifyMouse' '(IIIIIIIZZ)V' in 'com/sun/glass/ui/View'
R11=0x0000000021edeae0 is pointing into the stack for thread: 0x000000002104d800
R12=0x00000000000c06b8 is an unknown value
R13=0x0000000000000205 is an unknown value
R14=0x0000000000000000 is an unknown value
R15=0x0000000000820039 is an unknown value


Stack: [0x0000000021de0000,0x0000000021ee0000],  sp=0x0000000021edec70,  free space=1019k
Native frames: (J=compiled Java code, j=interpreted, Vv=VM code, C=native code)
C  [glass.dll+0x1c9d3]
C  [glass.dll+0x1848]
C  [USER32.dll+0xb85d]
C  [USER32.dll+0xb1ef]
C  [glass.dll+0xa7dd]
C  0x0000000004718c67

Java frames: (J=compiled Java code, j=interpreted, Vv=VM code)
j  com.sun.glass.ui.win.WinApplication._runLoop(Ljava/lang/Runnable;)V+0
j  com.sun.glass.ui.win.WinApplication.lambda$null$147(ILjava/lang/Runnable;)V+8
j  com.sun.glass.ui.win.WinApplication$$Lambda$37.run()V+12
j  java.lang.Thread.run()V+11
v  ~StubRoutines::call_stub

---------------  P R O C E S S  ---------------

Java Threads: ( => current thread )
  0x0000000021179000 JavaThread "Prism Font Disposer" daemon [_thread_blocked, id=3760, stack(0x0000000029580000,0x0000000029680000)]
  0x0000000021150800 JavaThread "Thread-3" daemon [_thread_in_native, id=2336, stack(0x0000000028850000,0x0000000028950000)]
  0x00000000210c2800 JavaThread "JavaFX-Launcher" [_thread_blocked, id=14240, stack(0x0000000028a50000,0x0000000028b50000)]
=>0x000000002104d800 JavaThread "JavaFX Application Thread" [_thread_in_native, id=11116, stack(0x0000000021de0000,0x0000000021ee0000)]
  0x0000000021045800 JavaThread "Thread-1" daemon [_thread_blocked, id=12836, stack(0x0000000021ce0000,0x0000000021de0000)]
  0x0000000021008800 JavaThread "QuantumRenderer-0" daemon [_thread_blocked, id=9200, stack(0x00000000219e0000,0x0000000021ae0000)]
  0x0000000020155000 JavaThread "Service Thread" daemon [_thread_blocked, id=696, stack(0x0000000020d80000,0x0000000020e80000)]
  0x00000000200c3800 JavaThread "C1 CompilerThread3" daemon [_thread_blocked, id=9740, stack(0x0000000020c80000,0x0000000020d80000)]
  0x00000000200bf800 JavaThread "C2 CompilerThread2" daemon [_thread_blocked, id=4336, stack(0x0000000020b80000,0x0000000020c80000)]
  0x00000000200be000 JavaThread "C2 CompilerThread1" daemon [_thread_in_native, id=13884, stack(0x0000000020a80000,0x0000000020b80000)]
  0x00000000200b8800 JavaThread "C2 CompilerThread0" daemon [_thread_blocked, id=9672, stack(0x0000000020980000,0x0000000020a80000)]
  0x00000000200b7000 JavaThread "Attach Listener" daemon [_thread_blocked, id=9060, stack(0x0000000020880000,0x0000000020980000)]
  0x00000000200b6000 JavaThread "Signal Dispatcher" daemon [_thread_blocked, id=9352, stack(0x0000000020780000,0x0000000020880000)]
  0x00000000046f9000 JavaThread "Finalizer" daemon [_thread_blocked, id=14060, stack(0x0000000020490000,0x0000000020590000)]
  0x00000000046f8000 JavaThread "Reference Handler" daemon [_thread_blocked, id=7000, stack(0x000000001ff90000,0x0000000020090000)]
  0x00000000045fe000 JavaThread "main" [_thread_blocked, id=9328, stack(0x00000000044e0000,0x00000000045e0000)]

Other Threads:
  0x000000001e1b8800 VMThread [stack: 0x000000001fe90000,0x000000001ff90000] [id=9348]
  0x000000002016f000 WatcherThread [stack: 0x0000000020e80000,0x0000000020f80000] [id=6496]

VM state:not at safepoint (normal execution)

VM Mutex/Monitor currently owned by a thread: None

Heap:
 PSYoungGen      total 76288K, used 39611K [0x000000076b100000, 0x0000000770600000, 0x00000007c0000000)
  eden space 65536K, 60% used [0x000000076b100000,0x000000076d7aefd0,0x000000076f100000)
  from space 10752K, 0% used [0x000000076fb80000,0x000000076fb80000,0x0000000770600000)
  to   space 10752K, 0% used [0x000000076f100000,0x000000076f100000,0x000000076fb80000)
 ParOldGen       total 175104K, used 0K [0x00000006c1200000, 0x00000006cbd00000, 0x000000076b100000)
  object space 175104K, 0% used [0x00000006c1200000,0x00000006c1200000,0x00000006cbd00000)
 Metaspace       used 14542K, capacity 15396K, committed 15488K, reserved 1062912K
  class space    used 2166K, capacity 2371K, committed 2432K, reserved 1048576K

Card table byte_map: [0x0000000013ac0000,0x00000000142c0000] byte_map_base: 0x00000000104b7000

Marking Bits: (ParMarkBitMap*) 0x0000000056eb0860
 Begin Bits: [0x0000000015010000, 0x0000000018fc8000)
 End Bits:   [0x0000000018fc8000, 0x000000001cf80000)

Polling page: 0x00000000028a0000

CodeCache: size=245760Kb used=4996Kb max_used=5009Kb free=240763Kb
 bounds [0x0000000004700000, 0x0000000004bf0000, 0x0000000013700000]
 total_blobs=2195 nmethods=1572 adapters=535
 compilation: enabled

Compilation events (10 events):
Event: 3.524 Thread 0x00000000200c3800 nmethod 1567 0x0000000004bdc650 code [0x0000000004bdc7e0, 0x0000000004bdcd30]
Event: 3.524 Thread 0x00000000200c3800 1569       3       javafx.scene.Node::getNodeOrientation (24 bytes)
Event: 3.525 Thread 0x00000000200c3800 nmethod 1569 0x0000000004bdd050 code [0x0000000004bdd1c0, 0x0000000004bdd528]
Event: 3.527 Thread 0x00000000200c3800 1570       3       com.sun.javafx.css.SimpleSelector::applies (221 bytes)
Event: 3.527 Thread 0x00000000200be000 1572       4       com.sun.javafx.css.CompoundSelector::applies (144 bytes)
Event: 3.530 Thread 0x00000000200c3800 nmethod 1570 0x0000000004bdd610 code [0x0000000004bdd8e0, 0x0000000004bdf0c8]
Event: 3.530 Thread 0x00000000200c3800 1571       3       javafx.scene.CssStyleHelper$CacheContainer::<init> (236 bytes)
Event: 3.532 Thread 0x00000000200c3800 nmethod 1571 0x0000000004bdf8d0 code [0x0000000004bdfb60, 0x0000000004be0fc8]
Event: 3.532 Thread 0x00000000200c3800 1573       3       javafx.scene.Node::getStyle (23 bytes)
Event: 3.533 Thread 0x00000000200c3800 nmethod 1573 0x0000000004be1990 code [0x0000000004be1b00, 0x0000000004be1e68]

GC Heap History (0 events):
No events

Deoptimization events (10 events):
Event: 0.867 Thread 0x000000002104d800 Uncommon trap: reason=unstable_if action=reinterpret pc=0x0000000004a254fc method=java.lang.String.regionMatches(ZILjava/lang/String;II)Z @ 123
Event: 0.903 Thread 0x000000002104d800 Uncommon trap: reason=unstable_if action=reinterpret pc=0x0000000004a69f10 method=java.util.HashMap.isEmpty()Z @ 4
Event: 0.907 Thread 0x000000002104d800 Uncommon trap: reason=unstable_if action=reinterpret pc=0x0000000004a46b08 method=sun.misc.MetaIndex.mayContain(Ljava/lang/String;)Z @ 38
Event: 0.908 Thread 0x000000002104d800 Uncommon trap: reason=bimorphic action=maybe_recompile pc=0x00000000049f7180 method=java.io.DataInputStream.readByte()B @ 4
Event: 0.908 Thread 0x000000002104d800 Uncommon trap: reason=bimorphic action=maybe_recompile pc=0x00000000049f7180 method=java.io.DataInputStream.readByte()B @ 4
Event: 0.908 Thread 0x000000002104d800 Uncommon trap: reason=bimorphic action=maybe_recompile pc=0x00000000049f7180 method=java.io.DataInputStream.readByte()B @ 4
Event: 0.908 Thread 0x000000002104d800 Uncommon trap: reason=bimorphic action=maybe_recompile pc=0x00000000049f7180 method=java.io.DataInputStream.readByte()B @ 4
Event: 0.917 Thread 0x000000002104d800 Uncommon trap: reason=unstable_if action=reinterpret pc=0x00000000049a07b4 method=sun.net.www.ParseUtil.encodePath(Ljava/lang/String;Z)Ljava/lang/String; @ 109
Event: 2.070 Thread 0x000000002104d800 Uncommon trap: reason=unstable_if action=reinterpret pc=0x00000000049e6de8 method=jdk.internal.org.objectweb.asm.Type.getArgumentsAndReturnSizes(Ljava/lang/String;)I @ 47
Event: 3.523 Thread 0x000000002104d800 Uncommon trap: reason=unstable_if action=reinterpret pc=0x0000000004bc9fa0 method=com.sun.javafx.css.SimpleSelector.applies(Ljavafx/css/Styleable;)Z @ 7

Classes redefined (0 events):
No events

Internal exceptions (10 events):
Event: 0.159 Thread 0x00000000045fe000 Exception <a 'java/lang/NoSuchFieldError': method resolution failed> (0x000000076b3e3ca8) thrown at [C:\re\workspace\8-2-build-windows-amd64-cygwin\jdk8u162\10278\hotspot\src\share\vm\prims\methodHandles.cpp, line 1167]
Event: 0.161 Thread 0x00000000045fe000 Exception <a 'java/lang/NoSuchFieldError': method resolution failed> (0x000000076b3f1028) thrown at [C:\re\workspace\8-2-build-windows-amd64-cygwin\jdk8u162\10278\hotspot\src\share\vm\prims\methodHandles.cpp, line 1167]
Event: 0.180 Thread 0x00000000045fe000 Exception <a 'java/security/PrivilegedActionException'> (0x000000076b479e58) thrown at [C:\re\workspace\8-2-build-windows-amd64-cygwin\jdk8u162\10278\hotspot\src\share\vm\prims\jvm.cpp, line 1390]
Event: 0.180 Thread 0x00000000045fe000 Exception <a 'java/security/PrivilegedActionException'> (0x000000076b47a068) thrown at [C:\re\workspace\8-2-build-windows-amd64-cygwin\jdk8u162\10278\hotspot\src\share\vm\prims\jvm.cpp, line 1390]
Event: 0.181 Thread 0x00000000045fe000 Exception <a 'java/security/PrivilegedActionException'> (0x000000076b47df78) thrown at [C:\re\workspace\8-2-build-windows-amd64-cygwin\jdk8u162\10278\hotspot\src\share\vm\prims\jvm.cpp, line 1390]
Event: 0.181 Thread 0x00000000045fe000 Exception <a 'java/security/PrivilegedActionException'> (0x000000076b47e188) thrown at [C:\re\workspace\8-2-build-windows-amd64-cygwin\jdk8u162\10278\hotspot\src\share\vm\prims\jvm.cpp, line 1390]
Event: 0.181 Thread 0x00000000045fe000 Exception <a 'java/lang/NullPointerException'> (0x000000076b47e760) thrown at [C:\re\workspace\8-2-build-windows-amd64-cygwin\jdk8u162\10278\hotspot\src\share\vm\interpreter\linkResolver.cpp, line 1185]
Event: 0.473 Thread 0x000000002104d800 Exception <a 'java/lang/NullPointerException'> (0x000000076c00ae00) thrown at [C:\re\workspace\8-2-build-windows-amd64-cygwin\jdk8u162\10278\hotspot\src\share\vm\interpreter\linkResolver.cpp, line 1185]
Event: 0.473 Thread 0x000000002104d800 Exception <a 'java/lang/NullPointerException'> (0x000000076c00ae00) thrown at [C:\re\workspace\8-2-build-windows-amd64-cygwin\jdk8u162\10278\hotspot\src\share\vm\prims\jvm.cpp, line 1394]
Event: 0.607 Thread 0x000000002104d800 Implicit null exception at 0x0000000004973cb5 to 0x0000000004973ead

Events (10 events):
Event: 3.524 loading class javafx/scene/control/TextField$StyleableProperties
Event: 3.524 loading class javafx/scene/control/TextField$StyleableProperties done
Event: 3.524 loading class javafx/scene/control/TextField$StyleableProperties$1
Event: 3.524 loading class javafx/scene/control/TextField$StyleableProperties$1 done
Event: 3.525 loading class javafx/scene/control/TextField$StyleableProperties$2
Event: 3.525 loading class javafx/scene/control/TextField$StyleableProperties$2 done
Event: 3.525 loading class javafx/scene/control/TextInputControl$StyleableProperties
Event: 3.525 loading class javafx/scene/control/TextInputControl$StyleableProperties done
Event: 3.526 loading class javafx/scene/control/TextInputControl$StyleableProperties$1
Event: 3.526 loading class javafx/scene/control/TextInputControl$StyleableProperties$1 done


Dynamic libraries:
0x00007ff67b030000 - 0x00007ff67b067000 	C:\Program Files\Java\jdk1.8.0_162\bin\javaw.exe
0x00007ffb769b0000 - 0x00007ffb76b90000 	C:\WINDOWS\SYSTEM32\ntdll.dll
0x00007ffb768d0000 - 0x00007ffb7697e000 	C:\WINDOWS\System32\KERNEL32.DLL
0x00007ffb739f0000 - 0x00007ffb73c56000 	C:\WINDOWS\System32\KERNELBASE.dll
0x00007ffb74230000 - 0x00007ffb742d1000 	C:\WINDOWS\System32\ADVAPI32.dll
0x00007ffb76480000 - 0x00007ffb7651d000 	C:\WINDOWS\System32\msvcrt.dll
0x00007ffb742e0000 - 0x00007ffb7433b000 	C:\WINDOWS\System32\sechost.dll
0x00007ffb75ec0000 - 0x00007ffb75fdf000 	C:\WINDOWS\System32\RPCRT4.dll
0x00007ffb740a0000 - 0x00007ffb7422f000 	C:\WINDOWS\System32\USER32.dll
0x00007ffb737d0000 - 0x00007ffb737f0000 	C:\WINDOWS\System32\win32u.dll
0x00007ffb75820000 - 0x00007ffb75848000 	C:\WINDOWS\System32\GDI32.dll
0x00007ffb737f0000 - 0x00007ffb73983000 	C:\WINDOWS\System32\gdi32full.dll
0x00007ffb73d30000 - 0x00007ffb73dcb000 	C:\WINDOWS\System32\msvcp_win.dll
0x00007ffb72f80000 - 0x00007ffb73076000 	C:\WINDOWS\System32\ucrtbase.dll
0x00007ffb5a890000 - 0x00007ffb5aaf9000 	C:\WINDOWS\WinSxS\amd64_microsoft.windows.common-controls_6595b64144ccf1df_6.0.16299.431_none_15c7d3ee93659e73\COMCTL32.dll
0x00007ffb76520000 - 0x00007ffb76828000 	C:\WINDOWS\System32\combase.dll
0x00007ffb73cb0000 - 0x00007ffb73d22000 	C:\WINDOWS\System32\bcryptPrimitives.dll
0x00007ffb76830000 - 0x00007ffb7685d000 	C:\WINDOWS\System32\IMM32.DLL
0x00000000563e0000 - 0x00000000564b1000 	C:\Program Files\Java\jdk1.8.0_162\jre\bin\msvcr100.dll
0x0000000056690000 - 0x0000000056f30000 	C:\Program Files\Java\jdk1.8.0_162\jre\bin\server\jvm.dll
0x00007ffb76470000 - 0x00007ffb76478000 	C:\WINDOWS\System32\PSAPI.DLL
0x00007ffb6e770000 - 0x00007ffb6e793000 	C:\WINDOWS\SYSTEM32\WINMM.dll
0x00007ffb644e0000 - 0x00007ffb644e9000 	C:\WINDOWS\SYSTEM32\WSOCK32.dll
0x00007ffb6e080000 - 0x00007ffb6e08a000 	C:\WINDOWS\SYSTEM32\VERSION.dll
0x00007ffb76860000 - 0x00007ffb768cc000 	C:\WINDOWS\System32\WS2_32.dll
0x00007ffb6e740000 - 0x00007ffb6e76a000 	C:\WINDOWS\SYSTEM32\WINMMBASE.dll
0x00007ffb73c60000 - 0x00007ffb73caa000 	C:\WINDOWS\System32\cfgmgr32.dll
0x00000000565a0000 - 0x00000000565af000 	C:\Program Files\Java\jdk1.8.0_162\jre\bin\verify.dll
0x0000000056570000 - 0x0000000056599000 	C:\Program Files\Java\jdk1.8.0_162\jre\bin\java.dll
0x0000000056550000 - 0x0000000056566000 	C:\Program Files\Java\jdk1.8.0_162\jre\bin\zip.dll
0x00007ffb74340000 - 0x00007ffb75778000 	C:\WINDOWS\System32\SHELL32.dll
0x00007ffb759c0000 - 0x00007ffb75a66000 	C:\WINDOWS\System32\shcore.dll
0x00007ffb73080000 - 0x00007ffb737c7000 	C:\WINDOWS\System32\windows.storage.dll
0x00007ffb763f0000 - 0x00007ffb76441000 	C:\WINDOWS\System32\shlwapi.dll
0x00007ffb72d90000 - 0x00007ffb72da1000 	C:\WINDOWS\System32\kernel.appcore.dll
0x00007ffb72d20000 - 0x00007ffb72d6c000 	C:\WINDOWS\System32\powrprof.dll
0x00007ffb72d00000 - 0x00007ffb72d1b000 	C:\WINDOWS\System32\profapi.dll
0x0000000002e70000 - 0x0000000002e73000 	C:\Program Files\Java\jdk1.8.0_162\jre\bin\api-ms-win-core-console-l1-1-0.dll
0x00000000045e0000 - 0x00000000045e3000 	C:\Program Files\Java\jdk1.8.0_162\jre\bin\api-ms-win-core-datetime-l1-1-0.dll
0x0000000021780000 - 0x0000000021783000 	C:\Program Files\Java\jdk1.8.0_162\jre\bin\api-ms-win-core-debug-l1-1-0.dll
0x0000000021790000 - 0x0000000021793000 	C:\Program Files\Java\jdk1.8.0_162\jre\bin\api-ms-win-core-errorhandling-l1-1-0.dll
0x00000000217a0000 - 0x00000000217a4000 	C:\Program Files\Java\jdk1.8.0_162\jre\bin\api-ms-win-core-file-l1-1-0.dll
0x00000000217b0000 - 0x00000000217b3000 	C:\Program Files\Java\jdk1.8.0_162\jre\bin\api-ms-win-core-file-l1-2-0.dll
0x00000000217c0000 - 0x00000000217c3000 	C:\Program Files\Java\jdk1.8.0_162\jre\bin\api-ms-win-core-file-l2-1-0.dll
0x00000000217d0000 - 0x00000000217d3000 	C:\Program Files\Java\jdk1.8.0_162\jre\bin\api-ms-win-core-handle-l1-1-0.dll
0x00000000217e0000 - 0x00000000217e3000 	C:\Program Files\Java\jdk1.8.0_162\jre\bin\api-ms-win-core-heap-l1-1-0.dll
0x00000000217f0000 - 0x00000000217f3000 	C:\Program Files\Java\jdk1.8.0_162\jre\bin\api-ms-win-core-interlocked-l1-1-0.dll
0x0000000021800000 - 0x0000000021803000 	C:\Program Files\Java\jdk1.8.0_162\jre\bin\api-ms-win-core-libraryloader-l1-1-0.dll
0x0000000021810000 - 0x0000000021813000 	C:\Program Files\Java\jdk1.8.0_162\jre\bin\api-ms-win-core-localization-l1-2-0.dll
0x0000000021820000 - 0x0000000021823000 	C:\Program Files\Java\jdk1.8.0_162\jre\bin\api-ms-win-core-memory-l1-1-0.dll
0x0000000021830000 - 0x0000000021833000 	C:\Program Files\Java\jdk1.8.0_162\jre\bin\api-ms-win-core-namedpipe-l1-1-0.dll
0x0000000021840000 - 0x0000000021843000 	C:\Program Files\Java\jdk1.8.0_162\jre\bin\api-ms-win-core-processenvironment-l1-1-0.dll
0x0000000021850000 - 0x0000000021853000 	C:\Program Files\Java\jdk1.8.0_162\jre\bin\api-ms-win-core-processthreads-l1-1-0.dll
0x0000000021860000 - 0x0000000021863000 	C:\Program Files\Java\jdk1.8.0_162\jre\bin\api-ms-win-core-processthreads-l1-1-1.dll
0x0000000021870000 - 0x0000000021873000 	C:\Program Files\Java\jdk1.8.0_162\jre\bin\api-ms-win-core-profile-l1-1-0.dll
0x0000000021880000 - 0x0000000021883000 	C:\Program Files\Java\jdk1.8.0_162\jre\bin\api-ms-win-core-rtlsupport-l1-1-0.dll
0x0000000021890000 - 0x0000000021893000 	C:\Program Files\Java\jdk1.8.0_162\jre\bin\api-ms-win-core-string-l1-1-0.dll
0x00000000218a0000 - 0x00000000218a3000 	C:\Program Files\Java\jdk1.8.0_162\jre\bin\api-ms-win-core-synch-l1-1-0.dll
0x00000000218b0000 - 0x00000000218b3000 	C:\Program Files\Java\jdk1.8.0_162\jre\bin\api-ms-win-core-synch-l1-2-0.dll
0x00000000218c0000 - 0x00000000218c3000 	C:\Program Files\Java\jdk1.8.0_162\jre\bin\api-ms-win-core-sysinfo-l1-1-0.dll
0x00000000218d0000 - 0x00000000218d3000 	C:\Program Files\Java\jdk1.8.0_162\jre\bin\api-ms-win-core-timezone-l1-1-0.dll
0x00000000218e0000 - 0x00000000218e3000 	C:\Program Files\Java\jdk1.8.0_162\jre\bin\api-ms-win-core-util-l1-1-0.dll
0x00000000218f0000 - 0x00000000218f3000 	C:\Program Files\Java\jdk1.8.0_162\jre\bin\api-ms-win-crt-conio-l1-1-0.dll
0x0000000021900000 - 0x0000000021904000 	C:\Program Files\Java\jdk1.8.0_162\jre\bin\api-ms-win-crt-convert-l1-1-0.dll
0x0000000021910000 - 0x0000000021913000 	C:\Program Files\Java\jdk1.8.0_162\jre\bin\api-ms-win-crt-environment-l1-1-0.dll
0x0000000021920000 - 0x0000000021923000 	C:\Program Files\Java\jdk1.8.0_162\jre\bin\api-ms-win-crt-filesystem-l1-1-0.dll
0x0000000021930000 - 0x0000000021933000 	C:\Program Files\Java\jdk1.8.0_162\jre\bin\api-ms-win-crt-heap-l1-1-0.dll
0x0000000021940000 - 0x0000000021943000 	C:\Program Files\Java\jdk1.8.0_162\jre\bin\api-ms-win-crt-locale-l1-1-0.dll
0x0000000021950000 - 0x0000000021955000 	C:\Program Files\Java\jdk1.8.0_162\jre\bin\api-ms-win-crt-math-l1-1-0.dll
0x0000000021960000 - 0x0000000021965000 	C:\Program Files\Java\jdk1.8.0_162\jre\bin\api-ms-win-crt-multibyte-l1-1-0.dll
0x0000000021970000 - 0x0000000021980000 	C:\Program Files\Java\jdk1.8.0_162\jre\bin\api-ms-win-crt-private-l1-1-0.dll
0x0000000021980000 - 0x0000000021983000 	C:\Program Files\Java\jdk1.8.0_162\jre\bin\api-ms-win-crt-process-l1-1-0.dll
0x0000000021990000 - 0x0000000021994000 	C:\Program Files\Java\jdk1.8.0_162\jre\bin\api-ms-win-crt-runtime-l1-1-0.dll
0x00000000219a0000 - 0x00000000219a4000 	C:\Program Files\Java\jdk1.8.0_162\jre\bin\api-ms-win-crt-stdio-l1-1-0.dll
0x00000000219b0000 - 0x00000000219b4000 	C:\Program Files\Java\jdk1.8.0_162\jre\bin\api-ms-win-crt-string-l1-1-0.dll
0x00000000219c0000 - 0x00000000219c3000 	C:\Program Files\Java\jdk1.8.0_162\jre\bin\api-ms-win-crt-time-l1-1-0.dll
0x00000000219d0000 - 0x00000000219d3000 	C:\Program Files\Java\jdk1.8.0_162\jre\bin\api-ms-win-crt-utility-l1-1-0.dll
0x00007ffb51a10000 - 0x00007ffb51b06000 	C:\Program Files\Java\jdk1.8.0_162\jre\bin\ucrtbase.dll
0x00007ffb56850000 - 0x00007ffb568a1000 	C:\Program Files\Java\jdk1.8.0_162\jre\bin\concrt140.dll
0x00007ffb66780000 - 0x00007ffb6681f000 	C:\WINDOWS\SYSTEM32\MSVCP140.dll
0x00007ffb66820000 - 0x00007ffb66836000 	C:\WINDOWS\SYSTEM32\VCRUNTIME140.dll
0x00007ffb65bb0000 - 0x00007ffb65bc6000 	C:\Program Files\Java\jdk1.8.0_162\jre\bin\vcruntime140.dll
0x00007ffb499c0000 - 0x00007ffb49a5c000 	C:\Program Files\Java\jdk1.8.0_162\jre\bin\msvcp140.dll
0x00000000563b0000 - 0x00000000563d3000 	C:\Program Files\Java\jdk1.8.0_162\jre\bin\prism_d3d.dll
0x00007ffb3d750000 - 0x00007ffb3d8e5000 	C:\WINDOWS\system32\d3d9.dll
0x00007ffb711f0000 - 0x00007ffb7121a000 	C:\WINDOWS\SYSTEM32\dwmapi.dll
0x00007ffb70c00000 - 0x00007ffb70c95000 	C:\WINDOWS\system32\uxtheme.dll
0x00007ffb2fd30000 - 0x00007ffb33589000 	C:\WINDOWS\System32\DriverStore\FileRepository\64jp4840.inf_amd64_3474a6084c8b7794\igdumdim64.dll
0x00007ffb762a0000 - 0x00007ffb76365000 	C:\WINDOWS\System32\OLEAUT32.dll
0x00007ffb75fe0000 - 0x00007ffb76129000 	C:\WINDOWS\System32\ole32.dll
0x00007ffb75a70000 - 0x00007ffb75ebe000 	C:\WINDOWS\System32\SETUPAPI.dll
0x0000000056360000 - 0x00000000563a9000 	C:\Program Files\Java\jdk1.8.0_162\jre\bin\glass.dll
0x00007ffb758b0000 - 0x00007ffb759ba000 	C:\WINDOWS\System32\COMDLG32.dll
0x00007ffb76130000 - 0x00007ffb76297000 	C:\WINDOWS\System32\MSCTF.dll
0x00007ffb49a60000 - 0x00007ffb49b09000 	C:\Program Files\Common Files\microsoft shared\ink\tiptsf.dll
0x00007ffb688f0000 - 0x00007ffb69ef2000 	C:\WINDOWS\System32\DriverStore\FileRepository\64jp4840.inf_amd64_3474a6084c8b7794\igc64.dll
0x0000000056340000 - 0x0000000056354000 	C:\Program Files\Java\jdk1.8.0_162\jre\bin\javafx_font.dll
0x00007ffb5e7f0000 - 0x00007ffb5eb00000 	C:\WINDOWS\SYSTEM32\dwrite.dll
0x00007ffb75780000 - 0x00007ffb7581e000 	C:\WINDOWS\System32\clbcatq.dll
0x00007ffb6d540000 - 0x00007ffb6d6eb000 	C:\WINDOWS\SYSTEM32\WindowsCodecs.dll
0x00007ffb67e70000 - 0x00007ffb67ebf000 	C:\WINDOWS\system32\dataexchange.dll
0x00007ffb6f300000 - 0x00007ffb6f5e2000 	C:\WINDOWS\system32\d3d11.dll
0x00007ffb70150000 - 0x00007ffb70292000 	C:\WINDOWS\system32\dcomp.dll
0x00007ffb71b60000 - 0x00007ffb71c0f000 	C:\WINDOWS\system32\dxgi.dll
0x00007ffb712e0000 - 0x00007ffb7145b000 	C:\WINDOWS\system32\twinapi.appcore.dll
0x00007ffb71460000 - 0x00007ffb71480000 	C:\WINDOWS\system32\RMCLIENT.dll
0x00007ffb72860000 - 0x00007ffb72885000 	C:\WINDOWS\system32\bcrypt.dll
0x00007ffb60960000 - 0x00007ffb60994000 	C:\Program Files\Common Files\Microsoft Shared\Ink\rtscom.dll
0x00007ffb62ed0000 - 0x00007ffb62f68000 	C:\WINDOWS\System32\TextInputFramework.dll
0x00007ffb6ffe0000 - 0x00007ffb700bc000 	C:\WINDOWS\System32\CoreMessaging.dll
0x00007ffb6cea0000 - 0x00007ffb6d18e000 	C:\WINDOWS\System32\CoreUIComponents.dll
0x00007ffb71e30000 - 0x00007ffb71e61000 	C:\WINDOWS\SYSTEM32\ntmarta.dll
0x00007ffb6ecb0000 - 0x00007ffb6ede6000 	C:\WINDOWS\SYSTEM32\wintypes.dll
0x00007ffb606d0000 - 0x00007ffb608d6000 	C:\Windows\System32\uiautomationcore.dll
0x00007ffb72b60000 - 0x00007ffb72bfa000 	C:\WINDOWS\SYSTEM32\sxs.dll
0x00007ffb6dad0000 - 0x00007ffb6db3e000 	C:\WINDOWS\SYSTEM32\OLEACC.dll
0x0000000056320000 - 0x0000000056332000 	C:\Program Files\Java\jdk1.8.0_162\jre\bin\prism_common.dll
0x00007ffb717f0000 - 0x00007ffb719b8000 	C:\WINDOWS\SYSTEM32\dbghelp.dll

VM Arguments:
jvm_args: -Dfile.encoding=Cp1252 
java_command: model.Demo
java_class_path (initial): C:\Program Files\Java\jdk1.8.0_162\jre\lib\resources.jar;C:\Program Files\Java\jdk1.8.0_162\jre\lib\rt.jar;C:\Program Files\Java\jdk1.8.0_162\jre\lib\jsse.jar;C:\Program Files\Java\jdk1.8.0_162\jre\lib\jce.jar;C:\Program Files\Java\jdk1.8.0_162\jre\lib\charsets.jar;C:\Program Files\Java\jdk1.8.0_162\jre\lib\jfr.jar;C:\Program Files\Java\jdk1.8.0_162\jre\lib\ext\access-bridge-64.jar;C:\Program Files\Java\jdk1.8.0_162\jre\lib\ext\cldrdata.jar;C:\Program Files\Java\jdk1.8.0_162\jre\lib\ext\dnsns.jar;C:\Program Files\Java\jdk1.8.0_162\jre\lib\ext\jaccess.jar;C:\Program Files\Java\jdk1.8.0_162\jre\lib\ext\jfxrt.jar;C:\Program Files\Java\jdk1.8.0_162\jre\lib\ext\localedata.jar;C:\Program Files\Java\jdk1.8.0_162\jre\lib\ext\nashorn.jar;C:\Program Files\Java\jdk1.8.0_162\jre\lib\ext\sunec.jar;C:\Program Files\Java\jdk1.8.0_162\jre\lib\ext\sunjce_provider.jar;C:\Program Files\Java\jdk1.8.0_162\jre\lib\ext\sunmscapi.jar;C:\Program Files\Java\jdk1.8.0_162\jre\lib\ext\sunpkcs11.jar;C:\Program Files\Java\jdk1.8.0_162\jre\lib\ext\zipfs.jar;E:\Eclipse\Projects\Bedi CSE148 Final_Project\bin
Launcher Type: SUN_STANDARD

Environment Variables:
PATH=C:/Program Files/Java/jdk1.8.0_162/jre/bin/server;C:/Program Files/Java/jdk1.8.0_162/jre/bin;C:/Program Files/Java/jdk1.8.0_162/jre/lib/amd64;C:\Program Files (x86)\Common Files\Oracle\Java\javapath;C:\ProgramData\Oracle\Java\javapath;C:\WINDOWS\system32;C:\WINDOWS;C:\WINDOWS\System32\Wbem;C:\WINDOWS\System32\WindowsPowerShell\v1.0\;C:\Program Files (x86)\GtkSharp\2.12\bin;C:\Program Files (x86)\NVIDIA Corporation\PhysX\Common;C:\Users\Kurama\AppData\Local\Microsoft\WindowsApps;C:\Users\Kurama\AppData\Local\GitHubDesktop\bin;C:\WINDOWS\System32;
USERNAME=Kurama
OS=Windows_NT
PROCESSOR_IDENTIFIER=Intel64 Family 6 Model 142 Stepping 10, GenuineIntel



---------------  S Y S T E M  ---------------

OS: Windows 10.0 , 64 bit Build 16299 (10.0.16299.431)

CPU:total 8 (initial active 8) (4 cores per cpu, 2 threads per core) family 6 model 142 stepping 10, cmov, cx8, fxsr, mmx, sse, sse2, sse3, ssse3, sse4.1, sse4.2, popcnt, avx, avx2, aes, clmul, erms, rtm, 3dnowpref, lzcnt, ht, tsc, tscinvbit, bmi1, bmi2, adx

Memory: 4k page, physical 16700356k(11671600k free), swap 19190724k(12151396k free)

vm_info: Java HotSpot(TM) 64-Bit Server VM (25.162-b12) for windows-amd64 JRE (1.8.0_162-b12), built on Dec 19 2017 20:00:03 by "java_re" with MS VC++ 10.0 (VS2010)

time: Mon May 14 13:52:55 2018
elapsed time: 3 seconds (0d 0h 0m 3s)

